C:\USERS\SDF\DOCUMENTS\OF_V0.8.4_VS_RELEASE\ADDONS\OFXPIXELPUSHER\EXAMPLE\OBJ\DEBUG\MAIN.OBJ
C:\USERS\SDF\DOCUMENTS\OF_V0.8.4_VS_RELEASE\ADDONS\OFXPIXELPUSHER\EXAMPLE\OBJ\DEBUG\TESTAPP.OBJ
C:\USERS\SDF\DOCUMENTS\OF_V0.8.4_VS_RELEASE\ADDONS\OFXPIXELPUSHER\EXAMPLE\OBJ\DEBUG\VC110.PDB
C:\Users\sdf\Documents\of_v0.8.4_vs_release\addons\ofxPixelPusher\example\obj\Debug\main.obj
C:\Users\sdf\Documents\of_v0.8.4_vs_release\addons\ofxPixelPusher\example\obj\Debug\testApp.obj
C:\Users\sdf\Documents\of_v0.8.4_vs_release\addons\ofxPixelPusher\example\obj\Debug\cl.command.1.tlog
C:\Users\sdf\Documents\of_v0.8.4_vs_release\addons\ofxPixelPusher\example\obj\Debug\CL.read.1.tlog
C:\Users\sdf\Documents\of_v0.8.4_vs_release\addons\ofxPixelPusher\example\obj\Debug\CL.write.1.tlog
C:\Users\sdf\Documents\of_v0.8.4_vs_release\addons\ofxPixelPusher\example\obj\Debug\link-cvtres.read.1.tlog
C:\Users\sdf\Documents\of_v0.8.4_vs_release\addons\ofxPixelPusher\example\obj\Debug\link-cvtres.write.1.tlog
C:\Users\sdf\Documents\of_v0.8.4_vs_release\addons\ofxPixelPusher\example\obj\Debug\link-rc.read.1.tlog
C:\Users\sdf\Documents\of_v0.8.4_vs_release\addons\ofxPixelPusher\example\obj\Debug\link-rc.write.1.tlog
C:\Users\sdf\Documents\of_v0.8.4_vs_release\addons\ofxPixelPusher\example\obj\Debug\link.command.1.tlog
C:\Users\sdf\Documents\of_v0.8.4_vs_release\addons\ofxPixelPusher\example\obj\Debug\link.read.1.tlog
C:\Users\sdf\Documents\of_v0.8.4_vs_release\addons\ofxPixelPusher\example\obj\Debug\link.write.1.tlog
C:\Users\sdf\Documents\of_v0.8.4_vs_release\addons\ofxPixelPusher\example\obj\Debug\rc.command.1.tlog
C:\Users\sdf\Documents\of_v0.8.4_vs_release\addons\ofxPixelPusher\example\obj\Debug\rc.read.1.tlog
C:\Users\sdf\Documents\of_v0.8.4_vs_release\addons\ofxPixelPusher\example\obj\Debug\rc.write.1.tlog
C:\Users\sdf\Documents\of_v0.8.4_vs_release\addons\ofxPixelPusher\example\obj\Debug\vc110.idb
C:\Users\sdf\Documents\of_v0.8.4_vs_release\addons\ofxPixelPusher\example\obj\Debug\vc110.pdb
